<?xml version="1.0" encoding="UTF-8"?>
<!-- Generated by org.testng.reporters.JUnitXMLReporter -->
<testsuite ignored="0" hostname="DESKTOP-ISAAC" failures="0" tests="1" name="Test env1" time="2.461" errors="0" timestamp="2024-10-06T17:09:01 COT">
  <testcase classname="com.slm.Base.Hooks" name="@BeforeTest setUp" time="2.364">
    <failure type="java.lang.NullPointerException">
      <![CDATA[java.lang.NullPointerException
at com.slm.Base.Hooks.setUp(Hooks.java:57)
at java.base/java.util.concurrent.FutureTask.run(FutureTask.java:264)
at java.base/java.util.concurrent.ThreadPoolExecutor.runWorker(ThreadPoolExecutor.java:1128)
at java.base/java.util.concurrent.ThreadPoolExecutor$Worker.run(ThreadPoolExecutor.java:628)
at java.base/java.lang.Thread.run(Thread.java:834)
... Removed 14 stack frames]]>
    </failure>
  </testcase> <!-- @BeforeTest setUp -->
  <testcase classname="com.slm.Base.Hooks" name="@BeforeTest setUp" time="2.366">
    <failure type="java.lang.NullPointerException">
      <![CDATA[java.lang.NullPointerException
at com.slm.Base.Hooks.setUp(Hooks.java:57)
at java.base/java.util.concurrent.FutureTask.run(FutureTask.java:264)
at java.base/java.util.concurrent.ThreadPoolExecutor.runWorker(ThreadPoolExecutor.java:1128)
at java.base/java.util.concurrent.ThreadPoolExecutor$Worker.run(ThreadPoolExecutor.java:628)
at java.base/java.lang.Thread.run(Thread.java:834)
... Removed 14 stack frames]]>
    </failure>
  </testcase> <!-- @BeforeTest setUp -->
  <testcase classname="com.slm.Base.Hooks" name="@AfterTest tearDown" time="0.0">
    <skipped/>
  </testcase> <!-- @AfterTest tearDown -->
  <testcase classname="com.slm.Base.Hooks" name="@AfterTest tearDown" time="0.0">
    <skipped/>
  </testcase> <!-- @AfterTest tearDown -->
  <testcase classname="com.slm.Scenarios.TestScenario1" name="scenario1" time="0.0">
    <skipped/>
  </testcase> <!-- scenario1 -->
</testsuite> <!-- Test env1 -->
