<?xml version="1.0" encoding="UTF-8"?>
<!-- Generated by org.testng.reporters.JUnitXMLReporter -->
<testsuite ignored="4" hostname="DESKTOP-ISAAC" failures="0" tests="3" name="Test" time="2.577" errors="0" timestamp="2024-10-06T00:51:59 COT">
  <testcase classname="com.slm.Base.Hooks" name="@BeforeTest setUp" time="2.493">
    <failure type="java.lang.NullPointerException">
      <![CDATA[java.lang.NullPointerException
at com.slm.Base.Hooks.setUp(Hooks.java:47)
at java.base/java.util.concurrent.FutureTask.run(FutureTask.java:264)
at java.base/java.util.concurrent.ThreadPoolExecutor.runWorker(ThreadPoolExecutor.java:1128)
at java.base/java.util.concurrent.ThreadPoolExecutor$Worker.run(ThreadPoolExecutor.java:628)
at java.base/java.lang.Thread.run(Thread.java:834)
... Removed 14 stack frames]]>
    </failure>
  </testcase> <!-- @BeforeTest setUp -->
  <testcase classname="com.slm.Base.Hooks" name="@AfterTest tearDown" time="0.0">
    <skipped/>
  </testcase> <!-- @AfterTest tearDown -->
  <testcase classname="com.slm.Scenarios.TestScenario3" name="scenario3" time="0.0">
    <skipped/>
  </testcase> <!-- scenario3 -->
  <testcase classname="com.slm.Scenarios.TestScenario2" name="scenario2" time="0.0">
    <skipped/>
  </testcase> <!-- scenario2 -->
  <testcase classname="com.slm.Scenarios.TestScenario1" name="scenario1" time="0.0">
    <skipped/>
  </testcase> <!-- scenario1 -->
  <testcase classname="com.slm.Base.Hooks" name="@AfterTest tearDown" time="0.0">
    <ignored/>
  </testcase> <!-- @AfterTest tearDown -->
  <testcase classname="com.slm.Base.Hooks" name="@BeforeTest setUp" time="0.0">
    <ignored/>
  </testcase> <!-- @BeforeTest setUp -->
  <testcase classname="com.slm.Base.Hooks" name="@AfterTest tearDown" time="0.0">
    <ignored/>
  </testcase> <!-- @AfterTest tearDown -->
  <testcase classname="com.slm.Base.Hooks" name="@BeforeTest setUp" time="0.0">
    <ignored/>
  </testcase> <!-- @BeforeTest setUp -->
</testsuite> <!-- Test -->
